生成启动时间为 2016/5/6 15:47:40。
     1>项目“E:\我的文档\visual studio 2013\Projects\MFC\YuanGongGuanLi_V2\YuanGongGuanLi_V2\YuanGongGuanLi_V2.vcxproj”在节点 2 上(Build 个目标)。
     1>ClCompile:
         D:\Program Files (x86)\Microsoft Visual Studio 12.0\VC\bin\CL.exe /c /ZI /nologo /W3 /WX- /sdl /Od /Oy- /D WIN32 /D _WINDOWS /D _DEBUG /Gm /EHsc /RTC1 /MTd /GS /fp:precise /Zc:wchar_t /Zc:forScope /Yu"stdafx.h" /Fp"Debug\YuanGongGuanLi_V2.pch" /Fo"Debug\\" /Fd"Debug\vc120.pdb" /Gd /TP /analyze- /errorReport:prompt /D "_CRT_SECURE_NO_DEPRECATE" YuanGongGuanLi_V2Dlg.cpp
         YuanGongGuanLi_V2Dlg.cpp
     1>e:\我的文档\visual studio 2013\projects\mfc\yuangongguanli_v2\yuangongguanli_v2\yuangongguanli_v2dlg.cpp(316): warning C4800: “int”: 将值强制为布尔值“true”或“false”(性能警告)
     1>e:\我的文档\visual studio 2013\projects\mfc\yuangongguanli_v2\yuangongguanli_v2\yuangongguanli_v2dlg.cpp(317): warning C4800: “int”: 将值强制为布尔值“true”或“false”(性能警告)
     1>e:\我的文档\visual studio 2013\projects\mfc\yuangongguanli_v2\yuangongguanli_v2\yuangongguanli_v2dlg.cpp(318): warning C4800: “int”: 将值强制为布尔值“true”或“false”(性能警告)
     1>e:\我的文档\visual studio 2013\projects\mfc\yuangongguanli_v2\yuangongguanli_v2\yuangongguanli_v2dlg.cpp(319): warning C4800: “int”: 将值强制为布尔值“true”或“false”(性能警告)
     1>e:\我的文档\visual studio 2013\projects\mfc\yuangongguanli_v2\yuangongguanli_v2\yuangongguanli_v2dlg.cpp(361): warning C4800: “int”: 将值强制为布尔值“true”或“false”(性能警告)
     1>e:\我的文档\visual studio 2013\projects\mfc\yuangongguanli_v2\yuangongguanli_v2\yuangongguanli_v2dlg.cpp(362): warning C4800: “int”: 将值强制为布尔值“true”或“false”(性能警告)
     1>e:\我的文档\visual studio 2013\projects\mfc\yuangongguanli_v2\yuangongguanli_v2\yuangongguanli_v2dlg.cpp(363): warning C4800: “int”: 将值强制为布尔值“true”或“false”(性能警告)
     1>e:\我的文档\visual studio 2013\projects\mfc\yuangongguanli_v2\yuangongguanli_v2\yuangongguanli_v2dlg.cpp(364): warning C4800: “int”: 将值强制为布尔值“true”或“false”(性能警告)
       Link:
         D:\Program Files (x86)\Microsoft Visual Studio 12.0\VC\bin\link.exe /ERRORREPORT:PROMPT /OUT:"E:\我的文档\visual studio 2013\Projects\MFC\YuanGongGuanLi_V2\Debug\YuanGongGuanLi_V2.exe" /INCREMENTAL /NOLOGO opencv_calib3d249d.lib opencv_contrib249d.lib opencv_core249d.lib opencv_features2d249d.lib opencv_flann249d.lib opencv_gpu249d.lib opencv_highgui249d.lib opencv_imgproc249d.lib opencv_legacy249d.lib opencv_objdetect249d.lib opencv_ts249d.lib opencv_video249d.lib opencv_nonfree249d.lib opencv_ocl249d.lib opencv_photo249d.lib opencv_stitching249d.lib opencv_superres249d.lib opencv_videostab249d.lib /MANIFEST /MANIFESTUAC:"level='asInvoker' uiAccess='false'" /manifest:embed /manifestinput:"D:\Program Files (x86)\Microsoft Visual Studio 12.0\VC\Include\Manifest\dpiaware.manifest" /DEBUG /PDB:"E:\我的文档\visual studio 2013\Projects\MFC\YuanGongGuanLi_V2\Debug\YuanGongGuanLi_V2.pdb" /SUBSYSTEM:WINDOWS /TLBID:1 /DYNAMICBASE /NXCOMPAT /IMPLIB:"E:\我的文档\visual studio 2013\Projects\MFC\YuanGongGuanLi_V2\Debug\YuanGongGuanLi_V2.lib" /MACHINE:X86 Debug\YuanGongGuanLi_V2.res
         Debug\stdafx.obj
         Debug\YuanGongGuanLi_V2.obj
         Debug\YuanGongGuanLi_V2Dlg.obj
         YuanGongGuanLi_V2.vcxproj -> E:\我的文档\visual studio 2013\Projects\MFC\YuanGongGuanLi_V2\Debug\YuanGongGuanLi_V2.exe
     1>已完成生成项目“E:\我的文档\visual studio 2013\Projects\MFC\YuanGongGuanLi_V2\YuanGongGuanLi_V2\YuanGongGuanLi_V2.vcxproj”(Build 个目标)的操作。

生成成功。

已用时间 00:00:01.02
